(---------------------------------------------------------------------)
(                                                                     )
(    ARTWORK LOG                                                      )
(                                                                     )
(    Drawing          : msd_foot_main.brd                             )
(    Software Version : 17.2S071                                      )
(    Date/Time        : Wed Nov 25 01:49:06 2020                      )
(                                                                     )
(---------------------------------------------------------------------)


 ---- Photoplot outline rectangle not found; using drawing extents.




 Can't open parameter file ... using default values:
     DEVICE-TYPE        GERBER6X00
     G-CODES            NO
     STATIONS-PER-WHEEL 24
     FILM-SIZE          24000 16000
     COORDINATES        ABSOLUTE
     OUTPUT-UNITS       INCHES
     FORMAT             5.3
     ABORT-ON-ERROR     abort film & continue
     SUPPRESS-LEAD-ZEROES     YES
     SUPPRESS-TRAIL-ZEROES    NO
     OPTIMIZE           YES
     SUPPRESS-EQUAL     YES
     SCALE              1.0





================================================================
     PROCESSING FILM < TOP >
     TO FILE < C:/Users/Ethan/Projects/MSD-Lower-Extremity-Weight-Bearing-Monitor-Orthotic/electronics/main/layout/artwork/TOP.art > ...
================================================================

  FILM PARAMETERS :
  ---------------------------------------------------------
  Undefined line width                5.00 MIL
  Mirror code                         NONE
  Rotate angle                        NONE
  Offset x:                           0.00
  Offset y:                           0.00
  Plot negative                       NO
  Suppress unconnected internal pads  NO
  Draw holes only                     NO

    WARNING: Film contains objects with associated DRCs (47).
           In the design editor view this film and enable visibility for the
           associated DRC layer. Verify the DRCs are approved exceptions to your rules.


  APERTURES USED (UNIT = IN):
  ---------------------------------------------------------
  TYPE       SIZE/NAME                   ROT   MIRROR MODE 
  ---------------------------------------------------------
  CIRCLE     0.00800                                  DARK 
  CIRCLE     0.01500                                  DARK 
  CIRCLE     0.02400                                  DARK 
  CIRCLE     0.03000                                  DARK 
  SQUARE     0.05000                     0.000 NO     DARK 
  SQUARE     0.07874                     0.000 NO     DARK 
  RECTANGLE  0.00787     x 0.02559      45.000 NO     DARK 
  RECTANGLE  0.00787     x 0.02559     135.000 NO     DARK 
  RECTANGLE  0.00787     x 0.02953      45.000 NO     DARK 
  RECTANGLE  0.02756     x 0.03543       0.000 NO     DARK 
  RECTANGLE  0.02756     x 0.03543      90.000 NO     DARK 
  RECTANGLE  0.03350     x 0.01400      90.000 NO     DARK 
  RECTANGLE  0.06000     x 0.01800       0.000 NO     DARK 
  RECTANGLE  0.06000     x 0.01800      90.000 NO     DARK 
  RECTANGLE  0.09843     x 0.03937      90.000 NO     DARK 

     TOP created with warnings


================================================================
     PROCESSING FILM < BOTTOM >
     TO FILE < C:/Users/Ethan/Projects/MSD-Lower-Extremity-Weight-Bearing-Monitor-Orthotic/electronics/main/layout/artwork/BOTTOM.art > ...
================================================================

  FILM PARAMETERS :
  ---------------------------------------------------------
  Undefined line width                5.00 MIL
  Mirror code                         NONE
  Rotate angle                        NONE
  Offset x:                           0.00
  Offset y:                           0.00
  Plot negative                       NO
  Suppress unconnected internal pads  NO
  Draw holes only                     NO



  APERTURES USED (UNIT = IN):
  ---------------------------------------------------------
  TYPE       SIZE/NAME                   ROT   MIRROR MODE 
  ---------------------------------------------------------
  CIRCLE     0.01500                                  DARK 
  CIRCLE     0.02400                                  DARK 
  CIRCLE     0.03000                                  DARK 

     BOTTOM created with warnings


================================================================
     PROCESSING FILM < OUTLINE >
     TO FILE < C:/Users/Ethan/Projects/MSD-Lower-Extremity-Weight-Bearing-Monitor-Orthotic/electronics/main/layout/artwork/OUTLINE.art > ...
================================================================

  FILM PARAMETERS :
  ---------------------------------------------------------
  Undefined line width                5.00 MIL
  Mirror code                         NONE
  Rotate angle                        NONE
  Offset x:                           0.00
  Offset y:                           0.00
  Plot negative                       NO
  Suppress unconnected internal pads  NO
  Draw holes only                     NO



  APERTURES USED (UNIT = IN):
  ---------------------------------------------------------
  TYPE       SIZE/NAME                   ROT   MIRROR MODE 
  ---------------------------------------------------------
  CIRCLE     0.00500                                  DARK 

     OUTLINE created with warnings


================================================================
     PROCESSING FILM < SILKSCREEN_TOP >
     TO FILE < C:/Users/Ethan/Projects/MSD-Lower-Extremity-Weight-Bearing-Monitor-Orthotic/electronics/main/layout/artwork/SILKSCREEN_TOP.art > ...
================================================================

  FILM PARAMETERS :
  ---------------------------------------------------------
  Undefined line width                5.00 MIL
  Mirror code                         NONE
  Rotate angle                        NONE
  Offset x:                           0.00
  Offset y:                           0.00
  Plot negative                       NO
  Suppress unconnected internal pads  NO
  Draw holes only                     NO

    WARNING: text composed 0 width line found at (13.30 953.60) in MIL
           ... using undefined line width of 5.00 MIL

    WARNING: 0 width line found at (84.67 928.23) in MIL
           ... using undefined line width of 5.00 MIL

    WARNING: Multiple 0 width lines; all will be treated the same as the first.
           ... using undefined line width of 5.00 MIL

    WARNING: text having Multiple 0 width lines; all will be treated the same as the first.
           ... using undefined line width of 5.00 MIL



  APERTURES USED (UNIT = IN):
  ---------------------------------------------------------
  TYPE       SIZE/NAME                   ROT   MIRROR MODE 
  ---------------------------------------------------------
  CIRCLE     0.00197                                  DARK 
  CIRCLE     0.00500                                  DARK 
  CIRCLE     0.00600                                  DARK 
  CIRCLE     0.01600                                  DARK 

     SILKSCREEN_TOP created with warnings


================================================================
     PROCESSING FILM < PASTEMASK_BOT >
     TO FILE < C:/Users/Ethan/Projects/MSD-Lower-Extremity-Weight-Bearing-Monitor-Orthotic/electronics/main/layout/artwork/PASTEMASK_BOT.art > ...
================================================================

  FILM PARAMETERS :
  ---------------------------------------------------------
  Undefined line width                5.00 MIL
  Mirror code                         NONE
  Rotate angle                        NONE
  Offset x:                           0.00
  Offset y:                           0.00
  Plot negative                       NO
  Suppress unconnected internal pads  NO
  Draw holes only                     NO



  APERTURES USED (UNIT = IN):
  ---------------------------------------------------------
  TYPE       SIZE/NAME                   ROT   MIRROR MODE 
  ---------------------------------------------------------
  CIRCLE     0.00500                                  DARK 

     PASTEMASK_BOT created with warnings


================================================================
     PROCESSING FILM < SOLDERMASK_BOT >
     TO FILE < C:/Users/Ethan/Projects/MSD-Lower-Extremity-Weight-Bearing-Monitor-Orthotic/electronics/main/layout/artwork/SOLDERMASK_BOT.art > ...
================================================================

  FILM PARAMETERS :
  ---------------------------------------------------------
  Undefined line width                5.00 MIL
  Mirror code                         NONE
  Rotate angle                        NONE
  Offset x:                           0.00
  Offset y:                           0.00
  Plot negative                       NO
  Suppress unconnected internal pads  NO
  Draw holes only                     NO



  APERTURES USED (UNIT = IN):
  ---------------------------------------------------------
  TYPE       SIZE/NAME                   ROT   MIRROR MODE 
  ---------------------------------------------------------
  CIRCLE     0.00500                                  DARK 
  CIRCLE     0.04400                                  DARK 

     SOLDERMASK_BOT created with warnings


================================================================
     PROCESSING FILM < PASTEMASK_TOP >
     TO FILE < C:/Users/Ethan/Projects/MSD-Lower-Extremity-Weight-Bearing-Monitor-Orthotic/electronics/main/layout/artwork/PASTEMASK_TOP.art > ...
================================================================

  FILM PARAMETERS :
  ---------------------------------------------------------
  Undefined line width                5.00 MIL
  Mirror code                         NONE
  Rotate angle                        NONE
  Offset x:                           0.00
  Offset y:                           0.00
  Plot negative                       NO
  Suppress unconnected internal pads  NO
  Draw holes only                     NO



  APERTURES USED (UNIT = IN):
  ---------------------------------------------------------
  TYPE       SIZE/NAME                   ROT   MIRROR MODE 
  ---------------------------------------------------------
  CIRCLE     0.00100                                  DARK 
  CIRCLE     0.00500                                  DARK 
  SQUARE     0.05000                     0.000 NO     DARK 
  RECTANGLE  0.00787     x 0.02953      45.000 NO     DARK 
  RECTANGLE  0.02756     x 0.03543       0.000 NO     DARK 
  RECTANGLE  0.02756     x 0.03543      90.000 NO     DARK 
  RECTANGLE  0.03350     x 0.01400      90.000 NO     DARK 
  RECTANGLE  0.06000     x 0.01800       0.000 NO     DARK 
  RECTANGLE  0.06000     x 0.01800      90.000 NO     DARK 

     PASTEMASK_TOP created with warnings


================================================================
     PROCESSING FILM < SOLDERMASK_TOP >
     TO FILE < C:/Users/Ethan/Projects/MSD-Lower-Extremity-Weight-Bearing-Monitor-Orthotic/electronics/main/layout/artwork/SOLDERMASK_TOP.art > ...
================================================================

  FILM PARAMETERS :
  ---------------------------------------------------------
  Undefined line width                5.00 MIL
  Mirror code                         NONE
  Rotate angle                        NONE
  Offset x:                           0.00
  Offset y:                           0.00
  Plot negative                       NO
  Suppress unconnected internal pads  NO
  Draw holes only                     NO



  APERTURES USED (UNIT = IN):
  ---------------------------------------------------------
  TYPE       SIZE/NAME                   ROT   MIRROR MODE 
  ---------------------------------------------------------
  CIRCLE     0.00500                                  DARK 
  CIRCLE     0.04400                                  DARK 
  SQUARE     0.05000                     0.000 NO     DARK 
  SQUARE     0.08661                     0.000 NO     DARK 
  RECTANGLE  0.00787     x 0.02559      45.000 NO     DARK 
  RECTANGLE  0.00787     x 0.02559     135.000 NO     DARK 
  RECTANGLE  0.00787     x 0.02953      45.000 NO     DARK 
  RECTANGLE  0.03350     x 0.01400      90.000 NO     DARK 
  RECTANGLE  0.03556     x 0.04343       0.000 NO     DARK 
  RECTANGLE  0.03556     x 0.04343      90.000 NO     DARK 
  RECTANGLE  0.06000     x 0.01800       0.000 NO     DARK 
  RECTANGLE  0.06000     x 0.01800      90.000 NO     DARK 
  RECTANGLE  0.10236     x 0.04724      90.000 NO     DARK 

     SOLDERMASK_TOP created with warnings


================================================================
     PROCESSING FILM < SILKSCREEN_BOT >
     TO FILE < C:/Users/Ethan/Projects/MSD-Lower-Extremity-Weight-Bearing-Monitor-Orthotic/electronics/main/layout/artwork/SILKSCREEN_BOT.art > ...
================================================================

  FILM PARAMETERS :
  ---------------------------------------------------------
  Undefined line width                5.00 MIL
  Mirror code                         NONE
  Rotate angle                        NONE
  Offset x:                           0.00
  Offset y:                           0.00
  Plot negative                       NO
  Suppress unconnected internal pads  NO
  Draw holes only                     NO



  APERTURES USED (UNIT = IN):
  ---------------------------------------------------------
  TYPE       SIZE/NAME                   ROT   MIRROR MODE 
  ---------------------------------------------------------
  CIRCLE     0.00500                                  DARK 

     SILKSCREEN_BOT created with warnings


================================================================
     PROCESSING FILM < ASSEMBLY >
     TO FILE < C:/Users/Ethan/Projects/MSD-Lower-Extremity-Weight-Bearing-Monitor-Orthotic/electronics/main/layout/artwork/ASSEMBLY.art > ...
================================================================

  FILM PARAMETERS :
  ---------------------------------------------------------
  Undefined line width                5.00 MIL
  Mirror code                         NONE
  Rotate angle                        NONE
  Offset x:                           0.00
  Offset y:                           0.00
  Plot negative                       NO
  Suppress unconnected internal pads  NO
  Draw holes only                     NO



  APERTURES USED (UNIT = IN):
  ---------------------------------------------------------
  TYPE       SIZE/NAME                   ROT   MIRROR MODE 
  ---------------------------------------------------------
  CIRCLE     0.00500                                  DARK 
  CIRCLE     0.00600                                  DARK 
  SQUARE     0.05000                     0.000 NO     DARK 
  SQUARE     0.07874                     0.000 NO     DARK 
  RECTANGLE  0.00787     x 0.02559      45.000 NO     DARK 
  RECTANGLE  0.00787     x 0.02559     135.000 NO     DARK 
  RECTANGLE  0.00787     x 0.02953      45.000 NO     DARK 
  RECTANGLE  0.02756     x 0.03543       0.000 NO     DARK 
  RECTANGLE  0.02756     x 0.03543      90.000 NO     DARK 
  RECTANGLE  0.03350     x 0.01400      90.000 NO     DARK 
  RECTANGLE  0.06000     x 0.01800       0.000 NO     DARK 
  RECTANGLE  0.06000     x 0.01800      90.000 NO     DARK 
  RECTANGLE  0.09843     x 0.03937      90.000 NO     DARK 

     ASSEMBLY created with warnings


================================================================
     PROCESSING FILM < FAB >
     TO FILE < C:/Users/Ethan/Projects/MSD-Lower-Extremity-Weight-Bearing-Monitor-Orthotic/electronics/main/layout/artwork/FAB.art > ...
================================================================

  FILM PARAMETERS :
  ---------------------------------------------------------
  Undefined line width                5.00 MIL
  Mirror code                         NONE
  Rotate angle                        NONE
  Offset x:                           0.00
  Offset y:                           0.00
  Plot negative                       NO
  Suppress unconnected internal pads  NO
  Draw holes only                     NO



  APERTURES USED (UNIT = IN):
  ---------------------------------------------------------
  TYPE       SIZE/NAME                   ROT   MIRROR MODE 
  ---------------------------------------------------------
  CIRCLE     0.00500                                  DARK 

     FAB created with warnings


------------------------------------------------------
 SUMMARY:
        TOP created with warnings
        BOTTOM created with warnings
        OUTLINE created with warnings
        SILKSCREEN_TOP created with warnings
        PASTEMASK_BOT created with warnings
        SOLDERMASK_BOT created with warnings
        PASTEMASK_TOP created with warnings
        SOLDERMASK_TOP created with warnings
        SILKSCREEN_BOT created with warnings
        ASSEMBLY created with warnings
        FAB created with warnings

 ARTWORK had warnings
