(---------------------------------------------------------------------)
(                                                                     )
(    IPC2581 Export                                                   )
(                                                                     )
(    Software Version : 17.2S067                                      )
(    Date/Time        : Thu Oct 08 21:17:39 2020                      )
(                                                                     )
(---------------------------------------------------------------------)




Collecting net list ...



Collecting package defintions ...



Collecting component descriptions ...



Collecting BOM items ...



Property configuration file: C:/Users/Ethan/Projects/MSD-Lower-Extremity-Weight-Bearing-Monitor-Orthotic/electronics/extenstion_1/layout/ipc2581_attr_config.atr
IPC2581 file: msd_foot_ext1
IPC2581 version: IPC2581-B
BRD file: C:/Users/Ethan/Projects/MSD-Lower-Extremity-Weight-Bearing-Monitor-Orthotic/electronics/extenstion_1/layout/msd_foot_ext1.brd
IPC2581 units: MILLIMETER
Global package pin1 orientation: OTHER
Default symbol height: 3.81
Export drill information?: YES
Export BOM information?: YES
Export component descriptions?: YES
Export component packages?: YES
Export land patterns?: YES
Export device descriptions?: YES
Export net list?: YES
Export hierarchical layer/stack instance?: NO
Export Outer Copper Layers?: YES
Export Inner Layers?: YES
Export Documentation Layers?: YES
Export Miscellaneous Image Layers?: YES
Export SolderMask/SolderPaste Legend Layers?: YES
Export vector text?: YES
Export cavities?: NO
Export padstack definitions?: NO
Export zip file?: YES
a2ipc2581 complete.
