(---------------------------------------------------------------------)
(                                                                     )
(    ARTWORK LOG                                                      )
(                                                                     )
(    Drawing          : msd_foot_ext1.brd                             )
(    Software Version : 17.2S071                                      )
(    Date/Time        : Mon Oct 26 21:15:35 2020                      )
(                                                                     )
(---------------------------------------------------------------------)


 ---- Photoplot outline rectangle not found; using drawing extents.



Results from parameter file ...
    DEVICE-TYPE           GERBER_RS274X
    OUTPUT-UNITS          INCHES
    FILM-SIZE             2400000 1600000
    FORMAT                2.5
    ABORT-ON-ERROR        NO
    SCALE                 1
    SUPPRESS-LEAD-ZEROES  YES
    SUPPRESS-TRAIL-ZEROES NO
    SUPPRESS-EQUAL        YES
    UNDEF-APT-CONT        NO



================================================================
     PROCESSING FILM < TOP >
     TO FILE < C:/Users/Ethan/Projects/MSD-Lower-Extremity-Weight-Bearing-Monitor-Orthotic/electronics/extenstion_1/layout/artwork/TOP.art > ...
================================================================

  FILM PARAMETERS :
  ---------------------------------------------------------
  Undefined line width                0.13 MIL
  Mirror code                         NONE
  Rotate angle                        NONE
  Offset x:                           0.00
  Offset y:                           0.00
  Plot negative                       NO
  Suppress unconnected internal pads  NO
  Draw holes only                     NO



  APERTURES USED (UNIT = IN):
  ---------------------------------------------------------
  TYPE       SIZE/NAME                   ROT   MIRROR MODE 
  ---------------------------------------------------------
  CIRCLE     0.01200                                  DARK 
  CIRCLE     0.02000                                  DARK 
  CIRCLE     0.02400                                  DARK 
  SQUARE     0.07874                     0.000 NO     DARK 
  RECTANGLE  0.02756     x 0.03543       0.000 NO     DARK 
  RECTANGLE  0.02756     x 0.03543      90.000 NO     DARK 
  RECTANGLE  0.05156     x 0.02000       0.000 NO     DARK 
  RECTANGLE  0.05228     x 0.01100       0.000 NO     DARK 
  RECTANGLE  0.06000     x 0.01800       0.000 NO     DARK 
  RECTANGLE  0.09843     x 0.03937       0.000 NO     DARK 

     TOP created.


================================================================
     PROCESSING FILM < BOTTOM >
     TO FILE < C:/Users/Ethan/Projects/MSD-Lower-Extremity-Weight-Bearing-Monitor-Orthotic/electronics/extenstion_1/layout/artwork/BOTTOM.art > ...
================================================================

  FILM PARAMETERS :
  ---------------------------------------------------------
  Undefined line width                0.13 MIL
  Mirror code                         NONE
  Rotate angle                        NONE
  Offset x:                           0.00
  Offset y:                           0.00
  Plot negative                       NO
  Suppress unconnected internal pads  NO
  Draw holes only                     NO



  APERTURES USED (UNIT = IN):
  ---------------------------------------------------------
  TYPE       SIZE/NAME                   ROT   MIRROR MODE 
  ---------------------------------------------------------
  CIRCLE     0.01200                                  DARK 
  CIRCLE     0.02000                                  DARK 
  CIRCLE     0.02400                                  DARK 

     BOTTOM created.


================================================================
     PROCESSING FILM < OUTLINE >
     TO FILE < C:/Users/Ethan/Projects/MSD-Lower-Extremity-Weight-Bearing-Monitor-Orthotic/electronics/extenstion_1/layout/artwork/OUTLINE.art > ...
================================================================

  FILM PARAMETERS :
  ---------------------------------------------------------
  Undefined line width                0.13 MIL
  Mirror code                         NONE
  Rotate angle                        NONE
  Offset x:                           0.00
  Offset y:                           0.00
  Plot negative                       NO
  Suppress unconnected internal pads  NO
  Draw holes only                     NO



  APERTURES USED (UNIT = IN):
  ---------------------------------------------------------
  TYPE       SIZE/NAME                   ROT   MIRROR MODE 
  ---------------------------------------------------------
  CIRCLE     0.00013                                  DARK 

     OUTLINE created.


================================================================
     PROCESSING FILM < SILKSCREEN_TOP >
     TO FILE < C:/Users/Ethan/Projects/MSD-Lower-Extremity-Weight-Bearing-Monitor-Orthotic/electronics/extenstion_1/layout/artwork/SILKSCREEN_TOP.art > ...
================================================================

  FILM PARAMETERS :
  ---------------------------------------------------------
  Undefined line width                0.13 MIL
  Mirror code                         NONE
  Rotate angle                        NONE
  Offset x:                           0.00
  Offset y:                           0.00
  Plot negative                       NO
  Suppress unconnected internal pads  NO
  Draw holes only                     NO

    WARNING: 0 width line found at (12.94 239.72) in MIL
           ... using undefined line width of 0.13 MIL

    WARNING: Multiple 0 width lines; all will be treated the same as the first.
           ... using undefined line width of 0.13 MIL

    WARNING: text composed 0 width line found at (396.00 397.00) in MIL
           ... using undefined line width of 0.13 MIL



  APERTURES USED (UNIT = IN):
  ---------------------------------------------------------
  TYPE       SIZE/NAME                   ROT   MIRROR MODE 
  ---------------------------------------------------------
  CIRCLE     0.00013                                  DARK 
  CIRCLE     0.00197                                  DARK 
  CIRCLE     0.00600                                  DARK 
  CIRCLE     0.01600                                  DARK 

     SILKSCREEN_TOP created with warnings


================================================================
     PROCESSING FILM < PASTEMASK_BOT >
     TO FILE < C:/Users/Ethan/Projects/MSD-Lower-Extremity-Weight-Bearing-Monitor-Orthotic/electronics/extenstion_1/layout/artwork/PASTEMASK_BOT.art > ...
================================================================

  FILM PARAMETERS :
  ---------------------------------------------------------
  Undefined line width                0.13 MIL
  Mirror code                         NONE
  Rotate angle                        NONE
  Offset x:                           0.00
  Offset y:                           0.00
  Plot negative                       NO
  Suppress unconnected internal pads  NO
  Draw holes only                     NO



  APERTURES USED (UNIT = IN):
  ---------------------------------------------------------
  TYPE       SIZE/NAME                   ROT   MIRROR MODE 
  ---------------------------------------------------------
  CIRCLE     0.00013                                  DARK 

     PASTEMASK_BOT created.


================================================================
     PROCESSING FILM < SOLDERMASK_BOT >
     TO FILE < C:/Users/Ethan/Projects/MSD-Lower-Extremity-Weight-Bearing-Monitor-Orthotic/electronics/extenstion_1/layout/artwork/SOLDERMASK_BOT.art > ...
================================================================

  FILM PARAMETERS :
  ---------------------------------------------------------
  Undefined line width                0.13 MIL
  Mirror code                         NONE
  Rotate angle                        NONE
  Offset x:                           0.00
  Offset y:                           0.00
  Plot negative                       NO
  Suppress unconnected internal pads  NO
  Draw holes only                     NO



  APERTURES USED (UNIT = IN):
  ---------------------------------------------------------
  TYPE       SIZE/NAME                   ROT   MIRROR MODE 
  ---------------------------------------------------------
  CIRCLE     0.00013                                  DARK 

     SOLDERMASK_BOT created.


================================================================
     PROCESSING FILM < PASTEMASK_TOP >
     TO FILE < C:/Users/Ethan/Projects/MSD-Lower-Extremity-Weight-Bearing-Monitor-Orthotic/electronics/extenstion_1/layout/artwork/PASTEMASK_TOP.art > ...
================================================================

  FILM PARAMETERS :
  ---------------------------------------------------------
  Undefined line width                0.13 MIL
  Mirror code                         NONE
  Rotate angle                        NONE
  Offset x:                           0.00
  Offset y:                           0.00
  Plot negative                       NO
  Suppress unconnected internal pads  NO
  Draw holes only                     NO



  APERTURES USED (UNIT = IN):
  ---------------------------------------------------------
  TYPE       SIZE/NAME                   ROT   MIRROR MODE 
  ---------------------------------------------------------
  CIRCLE     0.00013                                  DARK 
  RECTANGLE  0.02756     x 0.03543       0.000 NO     DARK 
  RECTANGLE  0.02756     x 0.03543      90.000 NO     DARK 
  RECTANGLE  0.05156     x 0.02000       0.000 NO     DARK 
  RECTANGLE  0.05228     x 0.01100       0.000 NO     DARK 
  RECTANGLE  0.06000     x 0.01800       0.000 NO     DARK 

     PASTEMASK_TOP created.


================================================================
     PROCESSING FILM < SOLDERMASK_TOP >
     TO FILE < C:/Users/Ethan/Projects/MSD-Lower-Extremity-Weight-Bearing-Monitor-Orthotic/electronics/extenstion_1/layout/artwork/SOLDERMASK_TOP.art > ...
================================================================

  FILM PARAMETERS :
  ---------------------------------------------------------
  Undefined line width                0.13 MIL
  Mirror code                         NONE
  Rotate angle                        NONE
  Offset x:                           0.00
  Offset y:                           0.00
  Plot negative                       NO
  Suppress unconnected internal pads  NO
  Draw holes only                     NO



  APERTURES USED (UNIT = IN):
  ---------------------------------------------------------
  TYPE       SIZE/NAME                   ROT   MIRROR MODE 
  ---------------------------------------------------------
  CIRCLE     0.00013                                  DARK 
  SQUARE     0.08661                     0.000 NO     DARK 
  RECTANGLE  0.03556     x 0.04343       0.000 NO     DARK 
  RECTANGLE  0.03556     x 0.04343      90.000 NO     DARK 
  RECTANGLE  0.05156     x 0.02000       0.000 NO     DARK 
  RECTANGLE  0.05228     x 0.01100       0.000 NO     DARK 
  RECTANGLE  0.06000     x 0.01800       0.000 NO     DARK 
  RECTANGLE  0.10236     x 0.04724       0.000 NO     DARK 

     SOLDERMASK_TOP created.


================================================================
     PROCESSING FILM < SILKSCREEN_BOT >
     TO FILE < C:/Users/Ethan/Projects/MSD-Lower-Extremity-Weight-Bearing-Monitor-Orthotic/electronics/extenstion_1/layout/artwork/SILKSCREEN_BOT.art > ...
================================================================

  FILM PARAMETERS :
  ---------------------------------------------------------
  Undefined line width                0.13 MIL
  Mirror code                         NONE
  Rotate angle                        NONE
  Offset x:                           0.00
  Offset y:                           0.00
  Plot negative                       NO
  Suppress unconnected internal pads  NO
  Draw holes only                     NO



  APERTURES USED (UNIT = IN):
  ---------------------------------------------------------
  TYPE       SIZE/NAME                   ROT   MIRROR MODE 
  ---------------------------------------------------------
  CIRCLE     0.00013                                  DARK 

     SILKSCREEN_BOT created.


================================================================
     PROCESSING FILM < ASSEMBLY >
     TO FILE < C:/Users/Ethan/Projects/MSD-Lower-Extremity-Weight-Bearing-Monitor-Orthotic/electronics/extenstion_1/layout/artwork/ASSEMBLY.art > ...
================================================================

  FILM PARAMETERS :
  ---------------------------------------------------------
  Undefined line width                0.13 MIL
  Mirror code                         NONE
  Rotate angle                        NONE
  Offset x:                           0.00
  Offset y:                           0.00
  Plot negative                       NO
  Suppress unconnected internal pads  NO
  Draw holes only                     NO

    WARNING: text having Multiple 0 width lines; all will be treated the same as the first.
           ... using undefined line width of 0.13 MIL



  APERTURES USED (UNIT = IN):
  ---------------------------------------------------------
  TYPE       SIZE/NAME                   ROT   MIRROR MODE 
  ---------------------------------------------------------
  CIRCLE     0.00013                                  DARK 
  CIRCLE     0.00600                                  DARK 
  SQUARE     0.07874                     0.000 NO     DARK 
  RECTANGLE  0.02756     x 0.03543       0.000 NO     DARK 
  RECTANGLE  0.02756     x 0.03543      90.000 NO     DARK 
  RECTANGLE  0.05156     x 0.02000       0.000 NO     DARK 
  RECTANGLE  0.05228     x 0.01100       0.000 NO     DARK 
  RECTANGLE  0.06000     x 0.01800       0.000 NO     DARK 
  RECTANGLE  0.09843     x 0.03937       0.000 NO     DARK 

     ASSEMBLY created with warnings


================================================================
     PROCESSING FILM < FAB >
     TO FILE < C:/Users/Ethan/Projects/MSD-Lower-Extremity-Weight-Bearing-Monitor-Orthotic/electronics/extenstion_1/layout/artwork/FAB.art > ...
================================================================

  FILM PARAMETERS :
  ---------------------------------------------------------
  Undefined line width                0.13 MIL
  Mirror code                         NONE
  Rotate angle                        NONE
  Offset x:                           0.00
  Offset y:                           0.00
  Plot negative                       NO
  Suppress unconnected internal pads  NO
  Draw holes only                     NO



  APERTURES USED (UNIT = IN):
  ---------------------------------------------------------
  TYPE       SIZE/NAME                   ROT   MIRROR MODE 
  ---------------------------------------------------------
  CIRCLE     0.00013                                  DARK 

     FAB created.


------------------------------------------------------
 SUMMARY:
        TOP created.
        BOTTOM created.
        OUTLINE created.
        SILKSCREEN_TOP created with warnings
        PASTEMASK_BOT created.
        SOLDERMASK_BOT created.
        PASTEMASK_TOP created.
        SOLDERMASK_TOP created.
        SILKSCREEN_BOT created.
        ASSEMBLY created with warnings
        FAB created.

 ARTWORK had warnings
